,statistic,parameter,p.value,null.value,alternative,method,data.name
args[1],16677,NULL,0.0706193404922962,0,two.sided,Wilcoxon rank sum test with continuity correction,a and b
args[1],3211.5,NULL,0.305576081811141,0,two.sided,Wilcoxon rank sum test with continuity correction,a and b
args[1],6275979,NULL,1.72677374695093e-07,0,two.sided,Wilcoxon rank sum test with continuity correction,a and b
args[1],576,NULL,0.509425797538372,0,two.sided,Wilcoxon rank sum test with continuity correction,a and b
args[1],73472,NULL,0.0666366840702381,0,two.sided,Wilcoxon rank sum test with continuity correction,a and b
args[1],3983,NULL,0.953136757155296,0,two.sided,Wilcoxon rank sum test with continuity correction,a and b
args[1],173760,NULL,3.50087094251704e-14,0,two.sided,Wilcoxon rank sum test with continuity correction,a and b
args[1],6039.5,NULL,0.847331674095495,0,two.sided,Wilcoxon rank sum test with continuity correction,a and b
args[1],27658,NULL,0.581904577776523,0,two.sided,Wilcoxon rank sum test with continuity correction,a and b
args[1],2131.5,NULL,0.00196632185994358,0,two.sided,Wilcoxon rank sum test with continuity correction,a and b
args[1],1870.5,NULL,0.0582487302364584,0,two.sided,Wilcoxon rank sum test with continuity correction,a and b
args[1],3535,NULL,0.000374940607210986,0,two.sided,Wilcoxon rank sum test with continuity correction,a and b
args[1],309780.5,NULL,0.00294622839608602,0,two.sided,Wilcoxon rank sum test with continuity correction,a and b
args[1],4979.5,NULL,0.257632930278774,0,two.sided,Wilcoxon rank sum test with continuity correction,a and b
args[1],26415,NULL,4.05471931285136e-05,0,two.sided,Wilcoxon rank sum test with continuity correction,a and b
args[1],34200,NULL,0.0377770174980415,0,two.sided,Wilcoxon rank sum test with continuity correction,a and b
args[1],2060,NULL,0.021477672085219,0,two.sided,Wilcoxon rank sum test with continuity correction,a and b
args[1],3495,NULL,0.274008316381798,0,two.sided,Wilcoxon rank sum test with continuity correction,a and b
args[1],220,NULL,0.100874334393845,0,two.sided,Wilcoxon rank sum test with continuity correction,a and b
args[1],24687.5,NULL,0.564779244644676,0,two.sided,Wilcoxon rank sum test with continuity correction,a and b
args[1],1821,NULL,0.0695662316426798,0,two.sided,Wilcoxon rank sum test with continuity correction,a and b
args[1],65530,NULL,0.420983856157689,0,two.sided,Wilcoxon rank sum test with continuity correction,a and b
args[1],1160,NULL,0.251413473768571,0,two.sided,Wilcoxon rank sum test with continuity correction,a and b
args[1],1009994.5,NULL,0.616765022335939,0,two.sided,Wilcoxon rank sum test with continuity correction,a and b
args[1],421,NULL,0.402334130442352,0,two.sided,Wilcoxon rank sum test with continuity correction,a and b
args[1],9976,NULL,0.0598758901054244,0,two.sided,Wilcoxon rank sum test with continuity correction,a and b
args[1],11962.5,NULL,0.182070787844217,0,two.sided,Wilcoxon rank sum test with continuity correction,a and b
args[1],138,NULL,0.874243297864103,0,two.sided,Wilcoxon rank sum test with continuity correction,a and b
args[1],123716,NULL,4.86592161869566e-07,0,two.sided,Wilcoxon rank sum test with continuity correction,a and b
args[1],1134,NULL,0.51043483333381,0,two.sided,Wilcoxon rank sum test with continuity correction,a and b
args[1],5075,NULL,0.0478303619311916,0,two.sided,Wilcoxon rank sum test with continuity correction,a and b
args[1],238.5,NULL,0.843492902900657,0,two.sided,Wilcoxon rank sum test with continuity correction,a and b
args[1],469.5,NULL,0.51286793554474,0,two.sided,Wilcoxon rank sum test with continuity correction,a and b
args[1],78.5,NULL,0.14076458016629,0,two.sided,Wilcoxon rank sum test with continuity correction,a and b
args[1],51515.5,NULL,5.00332473920344e-16,0,two.sided,Wilcoxon rank sum test with continuity correction,a and b
args[1],5252.5,NULL,0.360961899545331,0,two.sided,Wilcoxon rank sum test with continuity correction,a and b
args[1],11207.5,NULL,0.19422418275586,0,two.sided,Wilcoxon rank sum test with continuity correction,a and b
args[1],26233,NULL,2.19833123467732e-05,0,two.sided,Wilcoxon rank sum test with continuity correction,a and b
args[1],527213.5,NULL,1.20982143563734e-19,0,two.sided,Wilcoxon rank sum test with continuity correction,a and b
args[1],18619726,NULL,5.74731466159992e-45,0,two.sided,Wilcoxon rank sum test with continuity correction,a and b
args[1],22203,NULL,6.0758761292999e-17,0,two.sided,Wilcoxon rank sum test with continuity correction,a and b
args[1],254.5,NULL,0.843696303191641,0,two.sided,Wilcoxon rank sum test with continuity correction,a and b
args[1],85570,NULL,1.77412796246482e-10,0,two.sided,Wilcoxon rank sum test with continuity correction,a and b
args[1],152562,NULL,1.26057479279855e-05,0,two.sided,Wilcoxon rank sum test with continuity correction,a and b
args[1],1232,NULL,0.0361096280822937,0,two.sided,Wilcoxon rank sum test with continuity correction,a and b
args[1],110061,NULL,4.04151538265237e-20,0,two.sided,Wilcoxon rank sum test with continuity correction,a and b
args[1],9426945.5,NULL,0.0401582190898276,0,two.sided,Wilcoxon rank sum test with continuity correction,a and b
args[1],415,NULL,0.587872410053637,0,two.sided,Wilcoxon rank sum test with continuity correction,a and b
args[1],8496,NULL,0.100922619284179,0,two.sided,Wilcoxon rank sum test with continuity correction,a and b
args[1],307840,NULL,2.82303109316726e-20,0,two.sided,Wilcoxon rank sum test with continuity correction,a and b
args[1],3612.5,NULL,0.00119711853224925,0,two.sided,Wilcoxon rank sum test with continuity correction,a and b
args[1],2882623.5,NULL,1.30464767623128e-32,0,two.sided,Wilcoxon rank sum test with continuity correction,a and b
args[1],1093184,NULL,0.000177331705962456,0,two.sided,Wilcoxon rank sum test with continuity correction,a and b
args[1],1546,NULL,0.000526578872775971,0,two.sided,Wilcoxon rank sum test with continuity correction,a and b
args[1],3487.5,NULL,0.131246434363355,0,two.sided,Wilcoxon rank sum test with continuity correction,a and b
args[1],12693,NULL,0.0352939366666436,0,two.sided,Wilcoxon rank sum test with continuity correction,a and b
args[1],9075,NULL,0.0919663248136761,0,two.sided,Wilcoxon rank sum test with continuity correction,a and b
args[1],56901.5,NULL,8.84425301803992e-24,0,two.sided,Wilcoxon rank sum test with continuity correction,a and b
args[1],41014,NULL,2.7381759917635e-19,0,two.sided,Wilcoxon rank sum test with continuity correction,a and b
args[1],78186222,NULL,5.63824521682869e-303,0,two.sided,Wilcoxon rank sum test with continuity correction,a and b
args[1],10333.5,NULL,0.00163609622050045,0,two.sided,Wilcoxon rank sum test with continuity correction,a and b
args[1],3809.5,NULL,0.183244881324615,0,two.sided,Wilcoxon rank sum test with continuity correction,a and b
args[1],413640,NULL,4.57223180913206e-05,0,two.sided,Wilcoxon rank sum test with continuity correction,a and b
args[1],2349.5,NULL,0.0188293072734828,0,two.sided,Wilcoxon rank sum test with continuity correction,a and b
args[1],9536,NULL,8.77734336804684e-10,0,two.sided,Wilcoxon rank sum test with continuity correction,a and b
args[1],3895.5,NULL,3.73844224633534e-10,0,two.sided,Wilcoxon rank sum test with continuity correction,a and b
args[1],977.5,NULL,0.837341784938882,0,two.sided,Wilcoxon rank sum test with continuity correction,a and b
args[1],15383.5,NULL,0.164899242974576,0,two.sided,Wilcoxon rank sum test with continuity correction,a and b
args[1],3226,NULL,0.119487724275275,0,two.sided,Wilcoxon rank sum test with continuity correction,a and b
args[1],7163.5,NULL,0.167639485681128,0,two.sided,Wilcoxon rank sum test with continuity correction,a and b
args[1],888289,NULL,0.0800949478708801,0,two.sided,Wilcoxon rank sum test with continuity correction,a and b
args[1],288552,NULL,0.0576398324819486,0,two.sided,Wilcoxon rank sum test with continuity correction,a and b
args[1],2285937,NULL,2.05625353337588e-09,0,two.sided,Wilcoxon rank sum test with continuity correction,a and b
args[1],3045.5,NULL,0.163919933602966,0,two.sided,Wilcoxon rank sum test with continuity correction,a and b
args[1],16843.5,NULL,1.67032073848578e-07,0,two.sided,Wilcoxon rank sum test with continuity correction,a and b
args[1],860.5,NULL,0.00377483403537028,0,two.sided,Wilcoxon rank sum test with continuity correction,a and b
args[1],21080,NULL,0.000234539160874803,0,two.sided,Wilcoxon rank sum test with continuity correction,a and b
args[1],1653.5,NULL,0.630727330348672,0,two.sided,Wilcoxon rank sum test with continuity correction,a and b
args[1],5965,NULL,0.3069403778319,0,two.sided,Wilcoxon rank sum test with continuity correction,a and b
args[1],810360,NULL,0.0119054074446643,0,two.sided,Wilcoxon rank sum test with continuity correction,a and b
args[1],96.5,NULL,0.0571810641496725,0,two.sided,Wilcoxon rank sum test with continuity correction,a and b
args[1],2754,NULL,0.0111522907020114,0,two.sided,Wilcoxon rank sum test with continuity correction,a and b
args[1],6979.5,NULL,0.885340903869925,0,two.sided,Wilcoxon rank sum test with continuity correction,a and b
args[1],8192,NULL,0.122153543376388,0,two.sided,Wilcoxon rank sum test with continuity correction,a and b
args[1],7789.5,NULL,0.796805184845806,0,two.sided,Wilcoxon rank sum test with continuity correction,a and b
